<?xml version="1.0" encoding="UTF-8"?>
<!-- Generated by org.testng.reporters.JUnitReportReporter -->
<testsuite hostname="NMSLAP139" failures="0" tests="2" name="org.com.TestNG.Exception_Testing" time="23.548" errors="0" timestamp="2022-02-24T16:41:10 IST" skipped="1">
  <testcase classname="org.com.TestNG.Exception_Testing" name="Amazon" time="23.548"/>
  <system-out/>
  <testcase classname="org.com.TestNG.Exception_Testing" name="Flipkart">
    <skipped/>
  </testcase> <!-- Flipkart -->
  <system-out/>
</testsuite> <!-- org.com.TestNG.Exception_Testing -->
