<?xml version="1.0" encoding="UTF-8"?>
<!-- Generated by org.testng.reporters.JUnitReportReporter -->
<testsuite hostname="NMSLAP139" failures="0" tests="1" name="org.com.TestNG.Softassert" time="9.444" errors="0" timestamp="2022-02-22T11:10:06 IST" skipped="0">
  <testcase classname="org.com.TestNG.Softassert" name="Facebook" time="9.444"/>
  <system-out/>
</testsuite> <!-- org.com.TestNG.Softassert -->
