<?xml version="1.0" encoding="UTF-8"?>
<!-- Generated by org.testng.reporters.JUnitReportReporter -->
<testsuite hostname="NMSLAP139" failures="0" tests="2" name="org.com.TestNG.Groups" time="34.562" errors="0" timestamp="2022-02-16T15:41:09 IST" skipped="0">
  <testcase classname="org.com.TestNG.Groups" name="Facebook" time="7.891"/>
  <system-out/>
  <testcase classname="org.com.TestNG.Groups" name="Flipkart" time="26.671"/>
  <system-out/>
</testsuite> <!-- org.com.TestNG.Groups -->
