<?xml version="1.0" encoding="UTF-8"?>
<!-- Generated by org.testng.reporters.JUnitReportReporter -->
<testsuite hostname="NMSLAP139" failures="0" tests="1" name="org.com.TestNG.parameters_TestNG" time="9.347" errors="0" timestamp="2022-02-19T07:23:41 IST" skipped="0">
  <testcase classname="org.com.TestNG.parameters_TestNG" name="Facebook" time="9.347"/>
  <system-out/>
</testsuite> <!-- org.com.TestNG.parameters_TestNG -->
